<?xml version="1.0" encoding="UTF-8"?>
<testsuite name="com.example.testProj.TestProjApplicationTests" time="0.572" tests="5" errors="2" skipped="0" failures="1">
  <properties>
[...]
</properties>
  <testcase name="searchUser" classname="com.example.testProj.TestProjApplicationTests" time="0.405"/>
  <testcase name="updateUser" classname="com.example.testProj.TestProjApplicationTests" time="0.053">
    <failure message="expected null, but was:&lt;1&gt;" type="java.lang.AssertionError"><![CDATA[java.lang.AssertionError: expected null, but was:<1>
	at org.junit.Assert.fail(Assert.java:88)
	at org.junit.Assert.failNotNull(Assert.java:755)
	at org.junit.Assert.assertNull(Assert.java:737)
	at org.junit.Assert.assertNull(Assert.java:747)
	at com.example.testProj.TestProjApplicationTests.updateUser(TestProjApplicationTests.java:44)
]]></failure>
  </testcase>
  <testcase name="insertUser" classname="com.example.testProj.TestProjApplicationTests" time="0.016">
    <error type="java.lang.Exception:">java.lang.Exception: null
	at com.example.service.UserServiceImpl.insertUser(UserServiceImpl.java:52)
	at com.example.testProj.TestProjApplicationTests.insertUser(TestProjApplicationTests.java:33)
</error>
  </testcase>
  <testcase name="sortUser" classname="com.example.testProj.TestProjApplicationTests" time="0.075"/>
  <testcase name="deleteUser" classname="com.example.testProj.TestProjApplicationTests" time="0.023">
    <error message="Not Found is not exported" type="javassist.tools.rmi.ObjectNotFoundException">javassist.tools.rmi.ObjectNotFoundException: Not Found is not exported
	at com.example.service.UserServiceImpl.deleteUser(UserServiceImpl.java:113)
	at com.example.testProj.TestProjApplicationTests.deleteUser(TestProjApplicationTests.java:68)
</error>
    <system-out><![CDATA[Hibernate: select user0_.id as id1_0_, user0_.is_deleted as is_delet2_0_, user0_.dob as dob3_0_, user0_.joining_date as joining_4_0_, user0_.name as name5_0_, user0_.pin_code as pin_code6_0_, user0_.sur_name as sur_name7_0_ from user_master user0_ where user0_.id=? and user0_.is_deleted=?
]]></system-out>
  </testcase>
</testsuite>